<?xml version="1.0" encoding="UTF-8"?>
<!-- Generated by org.testng.reporters.JUnitXMLReporter -->
<testsuite ignored="0" hostname="LAPTOP-BDMPM95O" failures="1" tests="3" name="Error Validations Test" time="44.077" errors="0" timestamp="2023-03-08T18:18:53 CST">
  <testcase classname="rahulshettyacademy.SeleniumFrameworkDesign.ErrorValidations" name="LoginErrorValidation" time="1.105">
    <skipped/>
  </testcase> <!-- LoginErrorValidation -->
  <testcase classname="rahulshettyacademy.SeleniumFrameworkDesign.ErrorValidations" name="LoginErrorValidation" time="0.966">
    <failure type="org.junit.ComparisonFailure" message="expected:&amp;lt;Incorrect email []password.&amp;gt; but was:&amp;lt;Incorrect email [or ]password.&amp;gt;">
      <![CDATA[org.junit.ComparisonFailure: expected:<Incorrect email []password.> but was:<Incorrect email [or ]password.>
at org.junit.Assert.assertEquals(Assert.java:115)
at org.junit.Assert.assertEquals(Assert.java:144)
at rahulshettyacademy.SeleniumFrameworkDesign.ErrorValidations.LoginErrorValidation(ErrorValidations.java:23)
at java.base/java.util.ArrayList.forEach(ArrayList.java:1507)
at java.base/java.util.concurrent.FutureTask.run(FutureTask.java:264)
at java.base/java.util.concurrent.ThreadPoolExecutor.runWorker(ThreadPoolExecutor.java:1128)
at java.base/java.util.concurrent.ThreadPoolExecutor$Worker.run(ThreadPoolExecutor.java:628)
at java.base/java.lang.Thread.run(Thread.java:830)
... Removed 18 stack frames]]>
    </failure>
  </testcase> <!-- LoginErrorValidation -->
  <testcase classname="rahulshettyacademy.SeleniumFrameworkDesign.ErrorValidations" name="ProductErrorValidation" time="3.374"/>
</testsuite> <!-- Error Validations Test -->
