<?xml version="1.0" encoding="UTF-8"?>
<!-- Generated by org.testng.reporters.JUnitXMLReporter -->
<testsuite ignored="2" hostname="LAPTOP-BDMPM95O" failures="0" tests="0" time="0.018" errors="0" timestamp="2023-03-09T20:19:33 CST">
  <testcase classname="rahulshettyacademy.SeleniumFrameworkDesign.ErrorValidations" name="LoginErrorValidation" time="0.0">
    <ignored/>
  </testcase> <!-- LoginErrorValidation -->
  <testcase classname="rahulshettyacademy.SeleniumFrameworkDesign.ErrorValidations" name="ProductErrorValidation" time="0.0">
    <ignored/>
  </testcase> <!-- ProductErrorValidation -->
</testsuite>
